  [1m[35m (0.8ms)[0m  [1m[35mCREATE TABLE "schema_migrations" ("version" varchar NOT NULL PRIMARY KEY)[0m
  [1m[35m (0.5ms)[0m  [1m[35mCREATE TABLE "ar_internal_metadata" ("key" varchar NOT NULL PRIMARY KEY, "value" varchar, "created_at" datetime(6) NOT NULL, "updated_at" datetime(6) NOT NULL)[0m
  [1m[36mActiveRecord::SchemaMigration Pluck (0.1ms)[0m  [1m[34mSELECT "schema_migrations"."version" FROM "schema_migrations" ORDER BY "schema_migrations"."version" ASC[0m
Migrating to DeviseCreateUsers (20240221023032)
  [1m[36mTRANSACTION (0.0ms)[0m  [1m[36mbegin transaction[0m
  [1m[35m (0.3ms)[0m  [1m[35mCREATE TABLE "users" ("id" integer PRIMARY KEY AUTOINCREMENT NOT NULL, "email" varchar DEFAULT '' NOT NULL, "encrypted_password" varchar DEFAULT '' NOT NULL, "reset_password_token" varchar, "reset_password_sent_at" datetime(6), "remember_created_at" datetime(6), "created_at" datetime(6) NOT NULL, "updated_at" datetime(6) NOT NULL)[0m
  [1m[35m (0.1ms)[0m  [1m[35mCREATE UNIQUE INDEX "index_users_on_email" ON "users" ("email")[0m
  [1m[35m (0.1ms)[0m  [1m[35mCREATE UNIQUE INDEX "index_users_on_reset_password_token" ON "users" ("reset_password_token")[0m
  [1m[36mActiveRecord::SchemaMigration Create (0.1ms)[0m  [1m[32mINSERT INTO "schema_migrations" ("version") VALUES (?)[0m  [["version", "20240221023032"]]
  [1m[36mTRANSACTION (0.6ms)[0m  [1m[36mcommit transaction[0m
  [1m[36mActiveRecord::InternalMetadata Load (0.1ms)[0m  [1m[34mSELECT "ar_internal_metadata".* FROM "ar_internal_metadata" WHERE "ar_internal_metadata"."key" = ? LIMIT ?[0m  [["key", "environment"], ["LIMIT", 1]]
  [1m[36mTRANSACTION (0.0ms)[0m  [1m[36mbegin transaction[0m
  [1m[36mActiveRecord::InternalMetadata Create (0.3ms)[0m  [1m[32mINSERT INTO "ar_internal_metadata" ("key", "value", "created_at", "updated_at") VALUES (?, ?, ?, ?)[0m  [["key", "environment"], ["value", "development"], ["created_at", "2024-02-21 02:30:55.567409"], ["updated_at", "2024-02-21 02:30:55.567409"]]
  [1m[36mTRANSACTION (0.4ms)[0m  [1m[36mcommit transaction[0m
  [1m[36mActiveRecord::SchemaMigration Pluck (0.0ms)[0m  [1m[34mSELECT "schema_migrations"."version" FROM "schema_migrations" ORDER BY "schema_migrations"."version" ASC[0m
Started GET "/" for 127.0.0.1 at 2024-02-21 10:43:15 +0800
  [1m[36mActiveRecord::SchemaMigration Pluck (0.2ms)[0m  [1m[34mSELECT "schema_migrations"."version" FROM "schema_migrations" ORDER BY "schema_migrations"."version" ASC[0m
Processing by Rails::WelcomeController#index as HTML
  Rendering /Users/max/.rbenv/versions/3.1.2/lib/ruby/gems/3.1.0/gems/railties-7.0.8/lib/rails/templates/rails/welcome/index.html.erb
  Rendered /Users/max/.rbenv/versions/3.1.2/lib/ruby/gems/3.1.0/gems/railties-7.0.8/lib/rails/templates/rails/welcome/index.html.erb (Duration: 3.0ms | Allocations: 580)
Completed 200 OK in 37ms (Views: 9.8ms | ActiveRecord: 0.0ms | Allocations: 7682)


Started GET "/a" for 127.0.0.1 at 2024-02-21 10:43:19 +0800
  
ActionController::RoutingError (No route matches [GET] "/a"):
  
Started GET "/" for 127.0.0.1 at 2024-02-21 10:46:59 +0800
Processing by DashboardController#index as HTML
  Rendering layout layouts/application.html.erb
  Rendering dashboard/index.html.erb within layouts/application
  Rendered dashboard/index.html.erb within layouts/application (Duration: 0.2ms | Allocations: 109)
  Rendered layout layouts/application.html.erb (Duration: 287.2ms | Allocations: 131571)
Completed 200 OK in 289ms (Views: 288.4ms | ActiveRecord: 0.0ms | Allocations: 132476)


  [1m[36mActiveRecord::SchemaMigration Pluck (0.1ms)[0m  [1m[34mSELECT "schema_migrations"."version" FROM "schema_migrations" ORDER BY "schema_migrations"."version" ASC[0m
Migrating to CreateActivityTypes (20240309090905)
  [1m[36mTRANSACTION (0.0ms)[0m  [1m[36mbegin transaction[0m
  [1m[35m (0.7ms)[0m  [1m[35mCREATE TABLE "activity_types" ("id" integer PRIMARY KEY AUTOINCREMENT NOT NULL, "name" varchar, "climatiq_id" varchar, "climatiq_unit_of_measurement" varchar, "category" varchar, "created_at" datetime(6) NOT NULL, "updated_at" datetime(6) NOT NULL)[0m
  [1m[36mActiveRecord::SchemaMigration Create (0.2ms)[0m  [1m[32mINSERT INTO "schema_migrations" ("version") VALUES (?)[0m  [["version", "20240309090905"]]
  [1m[36mTRANSACTION (0.9ms)[0m  [1m[36mcommit transaction[0m
  [1m[36mActiveRecord::InternalMetadata Load (0.2ms)[0m  [1m[34mSELECT "ar_internal_metadata".* FROM "ar_internal_metadata" WHERE "ar_internal_metadata"."key" = ? LIMIT ?[0m  [["key", "environment"], ["LIMIT", 1]]
  [1m[36mActiveRecord::SchemaMigration Pluck (0.0ms)[0m  [1m[34mSELECT "schema_migrations"."version" FROM "schema_migrations" ORDER BY "schema_migrations"."version" ASC[0m
  [1m[36mActiveRecord::SchemaMigration Pluck (0.1ms)[0m  [1m[34mSELECT "schema_migrations"."version" FROM "schema_migrations" ORDER BY "schema_migrations"."version" ASC[0m
Migrating to CreateActivities (20240309091414)
  [1m[36mTRANSACTION (0.0ms)[0m  [1m[36mbegin transaction[0m
  [1m[35m (0.7ms)[0m  [1m[35mCREATE TABLE "activities" ("id" integer PRIMARY KEY AUTOINCREMENT NOT NULL, "user_id" integer NOT NULL, "carbon_emission" integer, "type_id" integer NOT NULL, "value" integer, "created_at" datetime(6) NOT NULL, "updated_at" datetime(6) NOT NULL, CONSTRAINT "fk_rails_7e11bb717f"
FOREIGN KEY ("user_id")
  REFERENCES "users" ("id")
, CONSTRAINT "fk_rails_3a673f7980"
FOREIGN KEY ("type_id")
  REFERENCES "types" ("id")
)[0m
  [1m[35m (0.1ms)[0m  [1m[35mCREATE INDEX "index_activities_on_user_id" ON "activities" ("user_id")[0m
  [1m[35m (0.0ms)[0m  [1m[35mCREATE INDEX "index_activities_on_type_id" ON "activities" ("type_id")[0m
  [1m[36mActiveRecord::SchemaMigration Create (0.1ms)[0m  [1m[32mINSERT INTO "schema_migrations" ("version") VALUES (?)[0m  [["version", "20240309091414"]]
  [1m[36mTRANSACTION (1.7ms)[0m  [1m[36mcommit transaction[0m
  [1m[36mActiveRecord::InternalMetadata Load (0.2ms)[0m  [1m[34mSELECT "ar_internal_metadata".* FROM "ar_internal_metadata" WHERE "ar_internal_metadata"."key" = ? LIMIT ?[0m  [["key", "environment"], ["LIMIT", 1]]
  [1m[36mActiveRecord::SchemaMigration Pluck (0.0ms)[0m  [1m[34mSELECT "schema_migrations"."version" FROM "schema_migrations" ORDER BY "schema_migrations"."version" ASC[0m
  [1m[36mActiveRecord::SchemaMigration Pluck (0.1ms)[0m  [1m[34mSELECT "schema_migrations"."version" FROM "schema_migrations" ORDER BY "schema_migrations"."version" ASC[0m
Migrating to AddClimatiqUnitTypeToActivityTypes (20240309092931)
  [1m[36mTRANSACTION (0.0ms)[0m  [1m[36mbegin transaction[0m
  [1m[35m (1.0ms)[0m  [1m[35mALTER TABLE "activity_types" ADD "climatiq_unit_type" varchar[0m
  [1m[36mActiveRecord::SchemaMigration Create (0.2ms)[0m  [1m[32mINSERT INTO "schema_migrations" ("version") VALUES (?)[0m  [["version", "20240309092931"]]
  [1m[36mTRANSACTION (1.6ms)[0m  [1m[36mcommit transaction[0m
  [1m[36mActiveRecord::InternalMetadata Load (0.2ms)[0m  [1m[34mSELECT "ar_internal_metadata".* FROM "ar_internal_metadata" WHERE "ar_internal_metadata"."key" = ? LIMIT ?[0m  [["key", "environment"], ["LIMIT", 1]]
  [1m[36mActiveRecord::SchemaMigration Pluck (0.0ms)[0m  [1m[34mSELECT "schema_migrations"."version" FROM "schema_migrations" ORDER BY "schema_migrations"."version" ASC[0m
  [1m[36mActiveRecord::SchemaMigration Pluck (0.1ms)[0m  [1m[34mSELECT "schema_migrations"."version" FROM "schema_migrations" ORDER BY "schema_migrations"."version" ASC[0m
  [1m[36mTRANSACTION (0.0ms)[0m  [1m[36mbegin transaction[0m
  [1m[36mActivityType Create (1.4ms)[0m  [1m[32mINSERT INTO "activity_types" ("name", "climatiq_id", "climatiq_unit_of_measurement", "category", "created_at", "updated_at", "climatiq_unit_type") VALUES (?, ?, ?, ?, ?, ?, ?)[0m  [["name", "Motorcycle"], ["climatiq_id", "passenger_vehicle-vehicle_type_motorcycle-fuel_source_na-engine_size_na-vehicle_age_na-vehicle_weight_na"], ["climatiq_unit_of_measurement", "km"], ["category", "transport"], ["created_at", "2024-03-09 09:33:23.957035"], ["updated_at", "2024-03-09 09:33:23.957035"], ["climatiq_unit_type", "distance"]]
  [1m[36mTRANSACTION (2.5ms)[0m  [1m[36mcommit transaction[0m
  [1m[36mTRANSACTION (0.0ms)[0m  [1m[36mbegin transaction[0m
  [1m[36mActivityType Create (0.3ms)[0m  [1m[32mINSERT INTO "activity_types" ("name", "climatiq_id", "climatiq_unit_of_measurement", "category", "created_at", "updated_at", "climatiq_unit_type") VALUES (?, ?, ?, ?, ?, ?, ?)[0m  [["name", "Bus"], ["climatiq_id", "passenger_vehicle-vehicle_type_bus-fuel_source_na-distance_na-engine_size_na"], ["climatiq_unit_of_measurement", "usd"], ["category", "transport"], ["created_at", "2024-03-09 09:33:23.962107"], ["updated_at", "2024-03-09 09:33:23.962107"], ["climatiq_unit_type", "money"]]
  [1m[36mTRANSACTION (0.3ms)[0m  [1m[36mcommit transaction[0m
  [1m[36mTRANSACTION (0.0ms)[0m  [1m[36mbegin transaction[0m
  [1m[36mActivityType Create (0.1ms)[0m  [1m[32mINSERT INTO "activity_types" ("name", "climatiq_id", "climatiq_unit_of_measurement", "category", "created_at", "updated_at", "climatiq_unit_type") VALUES (?, ?, ?, ?, ?, ?, ?)[0m  [["name", "Car"], ["climatiq_id", "passenger_vehicle-vehicle_type_car-fuel_source_na-engine_size_na-vehicle_age_na-vehicle_weight_na"], ["climatiq_unit_of_measurement", "km"], ["category", "transport"], ["created_at", "2024-03-09 09:33:23.963494"], ["updated_at", "2024-03-09 09:33:23.963494"], ["climatiq_unit_type", "distance"]]
  [1m[36mTRANSACTION (0.4ms)[0m  [1m[36mcommit transaction[0m
  [1m[36mTRANSACTION (0.0ms)[0m  [1m[36mbegin transaction[0m
  [1m[36mActivityType Create (0.1ms)[0m  [1m[32mINSERT INTO "activity_types" ("name", "climatiq_id", "climatiq_unit_of_measurement", "category", "created_at", "updated_at", "climatiq_unit_type") VALUES (?, ?, ?, ?, ?, ?, ?)[0m  [["name", "Fresh Fruit"], ["climatiq_id", "consumer_goods-type_fruit_fresh"], ["climatiq_unit_of_measurement", "t"], ["category", "food"], ["created_at", "2024-03-09 09:33:23.964820"], ["updated_at", "2024-03-09 09:33:23.964820"], ["climatiq_unit_type", "weight"]]
  [1m[36mTRANSACTION (0.2ms)[0m  [1m[36mcommit transaction[0m
  [1m[36mTRANSACTION (0.0ms)[0m  [1m[36mbegin transaction[0m
  [1m[36mActivityType Create (0.1ms)[0m  [1m[32mINSERT INTO "activity_types" ("name", "climatiq_id", "climatiq_unit_of_measurement", "category", "created_at", "updated_at", "climatiq_unit_type") VALUES (?, ?, ?, ?, ?, ?, ?)[0m  [["name", "Beef"], ["climatiq_id", "consumer_goods-type_meat_products_beef"], ["climatiq_unit_of_measurement", "usd"], ["category", "food"], ["created_at", "2024-03-09 09:33:23.965931"], ["updated_at", "2024-03-09 09:33:23.965931"], ["climatiq_unit_type", "money"]]
  [1m[36mTRANSACTION (0.2ms)[0m  [1m[36mcommit transaction[0m
  [1m[36mTRANSACTION (0.0ms)[0m  [1m[36mbegin transaction[0m
  [1m[36mActivityType Create (0.1ms)[0m  [1m[32mINSERT INTO "activity_types" ("name", "climatiq_id", "climatiq_unit_of_measurement", "category", "created_at", "updated_at", "climatiq_unit_type") VALUES (?, ?, ?, ?, ?, ?, ?)[0m  [["name", "Dairy Products"], ["climatiq_id", "consumer_goods-type_dairy_products"], ["climatiq_unit_of_measurement", "usd"], ["category", "food"], ["created_at", "2024-03-09 09:33:23.967002"], ["updated_at", "2024-03-09 09:33:23.967002"], ["climatiq_unit_type", "money"]]
  [1m[36mTRANSACTION (0.2ms)[0m  [1m[36mcommit transaction[0m
  [1m[36mActivityType Load (0.3ms)[0m  [1m[34mSELECT "activity_types".* FROM "activity_types"[0m
  [1m[36mActivityType Load (0.3ms)[0m  [1m[34mSELECT "activity_types".* FROM "activity_types" WHERE "activity_types"."name" = ?[0m  [["name", "Motorcycle"]]
